<?xml version="1.0" encoding="UTF-8"?>
<testsuite name="com.powerstock.repository.ItemRepositoryTest" tests="1" skipped="0" failures="0" errors="0" timestamp="2026-04-30T14:27:39" hostname="LAPTOP-9K6RG6S3" time="0.061">
  <properties/>
  <testcase name="shouldSaveAndFindItem()" classname="com.powerstock.repository.ItemRepositoryTest" time="0.061"/>
  <system-out><![CDATA[2026-04-30T22:27:39.019+08:00  INFO 25680 --- [power-stock] [    Test worker] t.c.s.AnnotationConfigContextLoaderUtils : Could not detect default configuration classes for test class [com.powerstock.repository.ItemRepositoryTest]: ItemRepositoryTest does not declare any static, non-private, non-final, nested classes annotated with @Configuration.
2026-04-30T22:27:39.024+08:00  INFO 25680 --- [power-stock] [    Test worker] .b.t.c.SpringBootTestContextBootstrapper : Found @SpringBootConfiguration com.powerstock.PowerStockApplication for test class com.powerstock.repository.ItemRepositoryTest

  .   ____          _            __ _ _
 /\\ / ___'_ __ _ _(_)_ __  __ _ \ \ \ \
( ( )\___ | '_ | '_| | '_ \/ _` | \ \ \ \
 \\/  ___)| |_)| | | | | || (_| |  ) ) ) )
  '  |____| .__|_| |_|_| |_\__, | / / / /
 =========|_|==============|___/=/_/_/_/
 :: Spring Boot ::                (v3.2.5)

2026-04-30T22:27:39.045+08:00  INFO 25680 --- [power-stock] [    Test worker] c.p.repository.ItemRepositoryTest        : Starting ItemRepositoryTest using Java 17.0.2 with PID 25680 (started by kong hao yang in D:\Project\power-stock\backend)
2026-04-30T22:27:39.045+08:00  INFO 25680 --- [power-stock] [    Test worker] c.p.repository.ItemRepositoryTest        : The following 1 profile is active: "test"
2026-04-30T22:27:39.212+08:00  INFO 25680 --- [power-stock] [    Test worker] .s.d.r.c.RepositoryConfigurationDelegate : Multiple Spring Data modules found, entering strict repository configuration mode
2026-04-30T22:27:39.212+08:00  INFO 25680 --- [power-stock] [    Test worker] .s.d.r.c.RepositoryConfigurationDelegate : Bootstrapping Spring Data JPA repositories in DEFAULT mode.
2026-04-30T22:27:39.225+08:00  INFO 25680 --- [power-stock] [    Test worker] .s.d.r.c.RepositoryConfigurationDelegate : Finished Spring Data repository scanning in 12 ms. Found 10 JPA repository interfaces.
2026-04-30T22:27:39.228+08:00  INFO 25680 --- [power-stock] [    Test worker] .s.d.r.c.RepositoryConfigurationDelegate : Multiple Spring Data modules found, entering strict repository configuration mode
2026-04-30T22:27:39.228+08:00  INFO 25680 --- [power-stock] [    Test worker] .s.d.r.c.RepositoryConfigurationDelegate : Bootstrapping Spring Data Redis repositories in DEFAULT mode.
2026-04-30T22:27:39.231+08:00  INFO 25680 --- [power-stock] [    Test worker] .RepositoryConfigurationExtensionSupport : Spring Data Redis - Could not safely identify store assignment for repository candidate interface com.powerstock.repository.InventoryStockRepository; If you want this repository to be a Redis repository, consider annotating your entities with one of these annotations: org.springframework.data.redis.core.RedisHash (preferred), or consider extending one of the following types with your repository: org.springframework.data.keyvalue.repository.KeyValueRepository
2026-04-30T22:27:39.231+08:00  INFO 25680 --- [power-stock] [    Test worker] .RepositoryConfigurationExtensionSupport : Spring Data Redis - Could not safely identify store assignment for repository candidate interface com.powerstock.repository.ItemRepository; If you want this repository to be a Redis repository, consider annotating your entities with one of these annotations: org.springframework.data.redis.core.RedisHash (preferred), or consider extending one of the following types with your repository: org.springframework.data.keyvalue.repository.KeyValueRepository
2026-04-30T22:27:39.232+08:00  INFO 25680 --- [power-stock] [    Test worker] .RepositoryConfigurationExtensionSupport : Spring Data Redis - Could not safely identify store assignment for repository candidate interface com.powerstock.repository.ItemUnitRepository; If you want this repository to be a Redis repository, consider annotating your entities with one of these annotations: org.springframework.data.redis.core.RedisHash (preferred), or consider extending one of the following types with your repository: org.springframework.data.keyvalue.repository.KeyValueRepository
2026-04-30T22:27:39.232+08:00  INFO 25680 --- [power-stock] [    Test worker] .RepositoryConfigurationExtensionSupport : Spring Data Redis - Could not safely identify store assignment for repository candidate interface com.powerstock.repository.LocationRepository; If you want this repository to be a Redis repository, consider annotating your entities with one of these annotations: org.springframework.data.redis.core.RedisHash (preferred), or consider extending one of the following types with your repository: org.springframework.data.keyvalue.repository.KeyValueRepository
2026-04-30T22:27:39.232+08:00  INFO 25680 --- [power-stock] [    Test worker] .RepositoryConfigurationExtensionSupport : Spring Data Redis - Could not safely identify store assignment for repository candidate interface com.powerstock.repository.PermissionSetRepository; If you want this repository to be a Redis repository, consider annotating your entities with one of these annotations: org.springframework.data.redis.core.RedisHash (preferred), or consider extending one of the following types with your repository: org.springframework.data.keyvalue.repository.KeyValueRepository
2026-04-30T22:27:39.232+08:00  INFO 25680 --- [power-stock] [    Test worker] .RepositoryConfigurationExtensionSupport : Spring Data Redis - Could not safely identify store assignment for repository candidate interface com.powerstock.repository.PriceHistoryRepository; If you want this repository to be a Redis repository, consider annotating your entities with one of these annotations: org.springframework.data.redis.core.RedisHash (preferred), or consider extending one of the following types with your repository: org.springframework.data.keyvalue.repository.KeyValueRepository
2026-04-30T22:27:39.232+08:00  INFO 25680 --- [power-stock] [    Test worker] .RepositoryConfigurationExtensionSupport : Spring Data Redis - Could not safely identify store assignment for repository candidate interface com.powerstock.repository.TransactionRepository; If you want this repository to be a Redis repository, consider annotating your entities with one of these annotations: org.springframework.data.redis.core.RedisHash (preferred), or consider extending one of the following types with your repository: org.springframework.data.keyvalue.repository.KeyValueRepository
2026-04-30T22:27:39.232+08:00  INFO 25680 --- [power-stock] [    Test worker] .RepositoryConfigurationExtensionSupport : Spring Data Redis - Could not safely identify store assignment for repository candidate interface com.powerstock.repository.UnitConversionRepository; If you want this repository to be a Redis repository, consider annotating your entities with one of these annotations: org.springframework.data.redis.core.RedisHash (preferred), or consider extending one of the following types with your repository: org.springframework.data.keyvalue.repository.KeyValueRepository
2026-04-30T22:27:39.232+08:00  INFO 25680 --- [power-stock] [    Test worker] .RepositoryConfigurationExtensionSupport : Spring Data Redis - Could not safely identify store assignment for repository candidate interface com.powerstock.repository.UnitRepository; If you want this repository to be a Redis repository, consider annotating your entities with one of these annotations: org.springframework.data.redis.core.RedisHash (preferred), or consider extending one of the following types with your repository: org.springframework.data.keyvalue.repository.KeyValueRepository
2026-04-30T22:27:39.232+08:00  INFO 25680 --- [power-stock] [    Test worker] .RepositoryConfigurationExtensionSupport : Spring Data Redis - Could not safely identify store assignment for repository candidate interface com.powerstock.repository.UserRepository; If you want this repository to be a Redis repository, consider annotating your entities with one of these annotations: org.springframework.data.redis.core.RedisHash (preferred), or consider extending one of the following types with your repository: org.springframework.data.keyvalue.repository.KeyValueRepository
2026-04-30T22:27:39.232+08:00  INFO 25680 --- [power-stock] [    Test worker] .s.d.r.c.RepositoryConfigurationDelegate : Finished Spring Data repository scanning in 4 ms. Found 0 Redis repository interfaces.
2026-04-30T22:27:39.300+08:00  INFO 25680 --- [power-stock] [    Test worker] o.hibernate.jpa.internal.util.LogHelper  : HHH000204: Processing PersistenceUnitInfo [name: default]
2026-04-30T22:27:39.300+08:00  INFO 25680 --- [power-stock] [    Test worker] o.h.c.internal.RegionFactoryInitiator    : HHH000026: Second-level cache disabled
2026-04-30T22:27:39.300+08:00  INFO 25680 --- [power-stock] [    Test worker] o.s.o.j.p.SpringPersistenceUnitInfo      : No LoadTimeWeaver setup: ignoring JPA class transformer
2026-04-30T22:27:39.300+08:00  INFO 25680 --- [power-stock] [    Test worker] com.zaxxer.hikari.HikariDataSource       : HikariPool-2 - Starting...
2026-04-30T22:27:39.300+08:00  INFO 25680 --- [power-stock] [    Test worker] com.zaxxer.hikari.pool.HikariPool        : HikariPool-2 - Added connection conn10: url=jdbc:h2:mem:testdb user=SA
2026-04-30T22:27:39.300+08:00  INFO 25680 --- [power-stock] [    Test worker] com.zaxxer.hikari.HikariDataSource       : HikariPool-2 - Start completed.
2026-04-30T22:27:39.300+08:00  WARN 25680 --- [power-stock] [    Test worker] org.hibernate.orm.deprecation            : HHH90000025: H2Dialect does not need to be specified explicitly using 'hibernate.dialect' (remove the property setting and it will be selected by default)
2026-04-30T22:27:39.469+08:00  INFO 25680 --- [power-stock] [    Test worker] o.h.e.t.j.p.i.JtaPlatformInitiator       : HHH000489: No JTA platform available (set 'hibernate.transaction.jta.platform' to enable JTA platform integration)
2026-04-30T22:27:39.498+08:00  INFO 25680 --- [power-stock] [    Test worker] j.LocalContainerEntityManagerFactoryBean : Initialized JPA EntityManagerFactory for persistence unit 'default'
2026-04-30T22:27:39.732+08:00  INFO 25680 --- [power-stock] [    Test worker] o.s.s.web.DefaultSecurityFilterChain     : Will secure any request with [org.springframework.security.web.session.DisableEncodeUrlFilter@742b3192, org.springframework.security.web.context.request.async.WebAsyncManagerIntegrationFilter@5d15c5f7, org.springframework.security.web.context.SecurityContextHolderFilter@3c4b9a8f, org.springframework.security.web.header.HeaderWriterFilter@73f344bb, org.springframework.web.filter.CorsFilter@20b6b918, org.springframework.security.web.authentication.logout.LogoutFilter@553f850d, com.powerstock.security.JwtAuthenticationFilter@22604e1c, org.springframework.security.web.savedrequest.RequestCacheAwareFilter@6dcdacf2, org.springframework.security.web.servletapi.SecurityContextHolderAwareRequestFilter@472fb6c, org.springframework.security.web.authentication.AnonymousAuthenticationFilter@1faf3286, org.springframework.security.web.session.SessionManagementFilter@23676bc, org.springframework.security.web.access.ExceptionTranslationFilter@6ee7e602, org.springframework.security.web.access.intercept.AuthorizationFilter@46af3131]
2026-04-30T22:27:39.878+08:00  INFO 25680 --- [power-stock] [    Test worker] c.p.repository.ItemRepositoryTest        : Started ItemRepositoryTest in 0.851 seconds (process running for 11.091)
]]></system-out>
  <system-err><![CDATA[]]></system-err>
</testsuite>
