<?xml version="1.0" encoding="UTF-8"?>
<testsuite name="com.powerstock.service.UserServiceTest" tests="6" skipped="0" failures="0" errors="0" timestamp="2026-04-30T14:27:41" hostname="LAPTOP-9K6RG6S3" time="0.014">
  <properties/>
  <testcase name="shouldGetUserById()" classname="com.powerstock.service.UserServiceTest" time="0.002"/>
  <testcase name="shouldUpdateUser()" classname="com.powerstock.service.UserServiceTest" time="0.003"/>
  <testcase name="shouldUpdatePermissions()" classname="com.powerstock.service.UserServiceTest" time="0.002"/>
  <testcase name="shouldDeleteUser()" classname="com.powerstock.service.UserServiceTest" time="0.002"/>
  <testcase name="shouldListAllUsers()" classname="com.powerstock.service.UserServiceTest" time="0.001"/>
  <testcase name="shouldThrowWhenUserNotFound()" classname="com.powerstock.service.UserServiceTest" time="0.002"/>
  <system-out><![CDATA[]]></system-out>
  <system-err><![CDATA[]]></system-err>
</testsuite>
