<?xml version="1.0" encoding="UTF-8"?>
<testsuite name="com.powerstock.service.AuthServiceTest" tests="5" skipped="0" failures="0" errors="0" timestamp="2026-04-30T14:27:40" hostname="LAPTOP-9K6RG6S3" time="0.287">
  <properties/>
  <testcase name="shouldRegisterUserSuccessfully()" classname="com.powerstock.service.AuthServiceTest" time="0.264"/>
  <testcase name="shouldThrowWhenRegisteringWithDuplicateUsername()" classname="com.powerstock.service.AuthServiceTest" time="0.007"/>
  <testcase name="shouldLoginSuccessfully()" classname="com.powerstock.service.AuthServiceTest" time="0.004"/>
  <testcase name="shouldThrowWhenLoginWithInvalidCredentials()" classname="com.powerstock.service.AuthServiceTest" time="0.004"/>
  <testcase name="shouldThrowWhenRegisteringWithDuplicateEmail()" classname="com.powerstock.service.AuthServiceTest" time="0.004"/>
  <system-out><![CDATA[]]></system-out>
  <system-err><![CDATA[]]></system-err>
</testsuite>
